<?xml version="1.0" encoding="UTF-8"?>
<testsuite name="rspec1" tests="5" skipped="0" failures="0" errors="0" time="0.264391" timestamp="2026-07-19T03:10:19-06:00" hostname="aurora">
<properties>
<property name="seed" value="10562"/>
</properties>
<testcase classname="spec.fixtures_integration_spec" name="Parslet::Toml::Merge merges comment-free arrays of tables through the Parslet parser provider" file="./spec/fixtures_integration_spec.rb" time="0.162294"></testcase>
<testcase classname="spec.fixtures_integration_spec" name="Parslet::Toml::Merge conforms to the shared TOML analysis, matching, and merge fixtures" file="./spec/fixtures_integration_spec.rb" time="0.093077"></testcase>
<testcase classname="spec.fixtures_integration_spec" name="Parslet::Toml::Merge exposes the TOML family through the Parslet provider backend" file="./spec/fixtures_integration_spec.rb" time="0.002936"></testcase>
<testcase classname="spec.fixtures_integration_spec" name="Parslet::Toml::Merge rejects unsupported provider backend overrides" file="./spec/fixtures_integration_spec.rb" time="0.000394"></testcase>
<testcase classname="spec.fixtures_integration_spec" name="Parslet::Toml::Merge conforms to the provider named-suite plan and manifest-report fixtures" file="./spec/fixtures_integration_spec.rb" time="0.002579"></testcase>
</testsuite>
on a matched array of tables behaves like a reproducible merge is idempotent (merging again produces same result)" file="./spec/reproducible_merge_spec.rb" time="0.009263"></testcase>
</testsuite>
