<?xml version="1.0" encoding="UTF-8"?>
<testsuite name="rspec" tests="5" skipped="0" failures="0" errors="0" time="0.131721" timestamp="2026-07-19T02:08:57-06:00" hostname="aurora">
<properties>
<property name="seed" value="58636"/>
</properties>
<testcase classname="spec.fixtures_integration_spec" name="Parslet::Toml::Merge conforms to the provider named-suite plan and manifest-report fixtures" file="./spec/fixtures_integration_spec.rb" time="0.001539"></testcase>
<testcase classname="spec.fixtures_integration_spec" name="Parslet::Toml::Merge merges comment-free arrays of tables through the Parslet parser provider" file="./spec/fixtures_integration_spec.rb" time="0.102597"></testcase>
<testcase classname="spec.fixtures_integration_spec" name="Parslet::Toml::Merge exposes the TOML family through the Parslet provider backend" file="./spec/fixtures_integration_spec.rb" time="0.000619"></testcase>
<testcase classname="spec.fixtures_integration_spec" name="Parslet::Toml::Merge conforms to the shared TOML analysis, matching, and merge fixtures" file="./spec/fixtures_integration_spec.rb" time="0.025816"></testcase>
<testcase classname="spec.fixtures_integration_spec" name="Parslet::Toml::Merge rejects unsupported provider backend overrides" file="./spec/fixtures_integration_spec.rb" time="0.000156"></testcase>
</testsuite>
