<?xml version="1.0" encoding="UTF-8"?>
<testsuite name="rspec" tests="15" skipped="0" failures="0" errors="0" time="0.073037" timestamp="2026-07-19T02:17:10-06:00" hostname="aurora">
<properties>
<property name="seed" value="40151"/>
</properties>
<testcase classname="spec.fixtures_integration_spec" name="Toml::Merge conforms to the slice-136 TOML plan-context fixtures" file="./spec/fixtures_integration_spec.rb" time="0.000897"></testcase>
<testcase classname="spec.fixtures_integration_spec" name="Toml::Merge preserves destination TOML comments and blank lines while adding template-only keys" file="./spec/fixtures_integration_spec.rb" time="0.043552"></testcase>
<testcase classname="spec.fixtures_integration_spec" name="Toml::Merge parses mise-style dotted env keys and inline tables" file="./spec/fixtures_integration_spec.rb" time="0.000897"></testcase>
<testcase classname="spec.fixtures_integration_spec" name="Toml::Merge merges comment-free TOML arrays of tables with destination preference" file="./spec/fixtures_integration_spec.rb" time="0.010255"></testcase>
<testcase classname="spec.fixtures_integration_spec" name="Toml::Merge keeps the shared family feature fixture stable while exposing the substrate backend feature profile" file="./spec/fixtures_integration_spec.rb" time="0.000323"></testcase>
<testcase classname="spec.fixtures_integration_spec" name="Toml::Merge resolves TOML paths through the canonical manifest" file="./spec/fixtures_integration_spec.rb" time="0.001428"></testcase>
<testcase classname="spec.fixtures_integration_spec" name="Toml::Merge conforms to the slice-139 family named-suite plan fixture" file="./spec/fixtures_integration_spec.rb" time="0.000509"></testcase>
<testcase classname="spec.fixtures_integration_spec" name="Toml::Merge exposes non-overlapping effective table ranges and source fragments through the TOML substrate" file="./spec/fixtures_integration_spec.rb" time="0.001483"></testcase>
<testcase classname="spec.fixtures_integration_spec" name="Toml::Merge conforms to the TOML parse, structure, matching, and merge fixtures with the tree-sitter substrate" file="./spec/fixtures_integration_spec.rb" time="0.009753"></testcase>
<testcase classname="spec.fixtures_integration_spec" name="Toml::Merge records emitter source provenance line metadata for raw source rendering" file="./spec/fixtures_integration_spec.rb" time="0.000131"></testcase>
<testcase classname="spec.fixtures_integration_spec" name="Toml::Merge conforms to the slice-135 TOML backend feature profile fixtures" file="./spec/fixtures_integration_spec.rb" time="0.000262"></testcase>
<testcase classname="spec.fixtures_integration_spec" name="Toml::Merge conforms to the slice-137 TOML family manifest fixture" file="./spec/fixtures_integration_spec.rb" time="0.000249"></testcase>
<testcase classname="spec.fixtures_integration_spec" name="Toml::Merge rejects unsupported provider backend overrides" file="./spec/fixtures_integration_spec.rb" time="0.000379"></testcase>
<testcase classname="spec.fixtures_integration_spec" name="Toml::Merge projects arrays of tables through the TOML substrate" file="./spec/fixtures_integration_spec.rb" time="0.000620"></testcase>
<testcase classname="spec.fixtures_integration_spec" name="Toml::Merge conforms to the slice-140 family manifest report fixture" file="./spec/fixtures_integration_spec.rb" time="0.000603"></testcase>
</testsuite>
