<?xml version="1.0" encoding="UTF-8"?>
<testsuite name="rspec2" tests="6" skipped="0" failures="0" errors="0" time="0.074454" timestamp="2026-07-19T03:09:48-06:00" hostname="aurora">
<properties>
<property name="seed" value="61437"/>
</properties>
<testcase classname="spec.reproducible_merge_spec" name="TOML reproducible merge fixtures when unicode string values precede native comment-shaped parser trivia behaves like a reproducible merge produces the expected result" file="./spec/reproducible_merge_spec.rb" time="0.055021"></testcase>
<testcase classname="spec.reproducible_merge_spec" name="TOML reproducible merge fixtures when unicode string values precede native comment-shaped parser trivia behaves like a reproducible merge is idempotent (merging again produces same result)" file="./spec/reproducible_merge_spec.rb" time="0.005786"></testcase>
<testcase classname="spec.reproducible_merge_spec" name="TOML reproducible merge fixtures when template preference keeps destination docs on a matched array of tables behaves like a reproducible merge is idempotent (merging again produces same result)" file="./spec/reproducible_merge_spec.rb" time="0.002867"></testcase>
<testcase classname="spec.reproducible_merge_spec" name="TOML reproducible merge fixtures when template preference keeps destination docs on a matched array of tables behaves like a reproducible merge produces the expected result" file="./spec/reproducible_merge_spec.rb" time="0.001462"></testcase>
<testcase classname="spec.reproducible_merge_spec" name="TOML reproducible merge fixtures when template preference keeps destination docs on an adjacent matched table behaves like a reproducible merge is idempotent (merging again produces same result)" file="./spec/reproducible_merge_spec.rb" time="0.004713"></testcase>
<testcase classname="spec.reproducible_merge_spec" name="TOML reproducible merge fixtures when template preference keeps destination docs on an adjacent matched table behaves like a reproducible merge produces the expected result" file="./spec/reproducible_merge_spec.rb" time="0.002504"></testcase>
</testsuite>
ture profile fixtures" file="./spec/fixtures_integration_spec.rb" time="0.000453"></testcase>
<testcase classname="spec.fixtures_integration_spec" name="Toml::Merge rejects unsupported provider backend overrides" file="./spec/fixtures_integration_spec.rb" time="0.000145"></testcase>
<testcase classname="spec.fixtures_integration_spec" name="Toml::Merge records emitter source provenance line metadata for raw source rendering" file="./spec/fixtures_integration_spec.rb" time="0.000158"></testcase>
<testcase classname="spec.fixtures_integration_spec" name="Toml::Merge conforms to the slice-139 family named-suite plan fixture" file="./spec/fixtures_integration_spec.rb" time="0.000586"></testcase>
<testcase classname="spec.fixtures_integration_spec" name="Toml::Merge conforms to the slice-137 TOML family manifest fixture" file="./spec/fixtures_integration_spec.rb" time="0.000340"></testcase>
<testcase classname="spec.fixtures_integration_spec" name="Toml::Merge parses mise-style dotted env keys and inline tables" file="./spec/fixtures_integration_spec.rb" time="0.000676"></testcase>
<testcase classname="spec.fixtures_integration_spec" name="Toml::Merge projects arrays of tables through the TOML substrate" file="./spec/fixtures_integration_spec.rb" time="0.008914"></testcase>
</testsuite>
